[WinError 32] Le processus ne peut pas accéder au fichier car ce fichier est utilisé par un autre processus: 'C:\\Users\\MALFEI~1\\AppData\\Local\\Temp\\test.txt'
Sub shell commands error
[WinError 2] Le fichier spécifié est introuvable
Tempdir not chmodable
an integer is required (got type str)
win
C:\Users\MALFEI~1\AppData\Local\Temp
subprocess.call(['ffmpeg', '-y', '-i', 'C:\\Temp\\Mick Gordon\\DOOM Eternal OST Remix\\BFG Division 2020.mp3', '-acodec', 'pcm_s16le', '-vn', '-f', 'wav', '-'])
subprocess.call(['ffmpeg', '-y', '-f', 'wav', '-i', 'C:\\Users\\MALFEI~1\\AppData\\Local\\Temp\\tmp6c66c8y8', '-metadata', 'artist=Panda Dub', '-metadata', 'album=The Lost Ship', '-metadata', 'title=Milky Way', '-id3v2_version', '4', '-f', 'mp3', 'C:\\Users\\MALFEI~1\\AppData\\Local\\Temp\\tmpnmlqa290'])
subprocess output: b'ffmpeg version 4.3.1-2020-11-08-full_build-www.gyan.dev Copyright (c) 2000-2020 the FFmpeg developers'
subprocess output: b'  built with gcc 10.2.0 (Rev3, Built by MSYS2 project)'
subprocess output: b'  configuration: --enable-gpl --enable-version3 --enable-static --disable-w32threads --disable-autodetect --enable-fontconfig --enable-iconv --enable-gnutls --enable-libxml2 --enable-gmp --enable-lzma --enable-libsnappy --enable-zlib --enable-libsrt --enable-libssh --enable-libzmq --enable-avisynth --enable-libbluray --enable-libcaca --enable-sdl2 --enable-libdav1d --enable-libzvbi --enable-librav1e --enable-libwebp --enable-libx264 --enable-libx265 --enable-libxvid --enable-libaom --enable-libopenjpeg --enable-libvpx --enable-libass --enable-frei0r --enable-libfreetype --enable-libfribidi --enable-libvidstab --enable-libvmaf --enable-libzimg --enable-amf --enable-cuda-llvm --enable-cuvid --enable-ffnvcodec --enable-nvdec --enable-nvenc --enable-d3d11va --enable-dxva2 --enable-libmfx --enable-libcdio --enable-libgme --enable-libmodplug --enable-libopenmpt --enable-libopencore-amrwb --enable-libmp3lame --enable-libshine --enable-libtheora --enable-libtwolame --enable-libvo-amrwbenc --enable-libilbc --enable-libgsm --enable-libopencore-amrnb --enable-libopus --enable-libspeex --enable-libvorbis --enable-ladspa --enable-libbs2b --enable-libflite --enable-libmysofa --enable-librubberband --enable-libsoxr --enable-chromaprint'
subprocess output: b'  libavutil      56. 51.100 / 56. 51.100'
subprocess output: b'  libavcodec     58. 91.100 / 58. 91.100'
subprocess output: b'  libavformat    58. 45.100 / 58. 45.100'
subprocess output: b'  libavdevice    58. 10.100 / 58. 10.100'
subprocess output: b'  libavfilter     7. 85.100 /  7. 85.100'
subprocess output: b'  libswscale      5.  7.100 /  5.  7.100'
subprocess output: b'  libswresample   3.  7.100 /  3.  7.100'
subprocess output: b'  libpostproc    55.  7.100 / 55.  7.100'
subprocess output: b'Guessed Channel Layout for Input Stream #0.0 : stereo'
subprocess output: b"Input #0, wav, from 'C:\\Users\\MALFEI~1\\AppData\\Local\\Temp\\tmp6c66c8y8':"
subprocess output: b'  Duration: 00:01:00.00, bitrate: 1536 kb/s'
subprocess output: b'    Stream #0:0: Audio: pcm_s16le ([1][0][0][0] / 0x0001), 48000 Hz, stereo, s16, 1536 kb/s'
subprocess output: b'Stream mapping:'
subprocess output: b'  Stream #0:0 -> #0:0 (pcm_s16le (native) -> mp3 (libmp3lame))'
subprocess output: b'Press [q] to stop, [?] for help'
subprocess output: b"Output #0, mp3, to 'C:\\Users\\MALFEI~1\\AppData\\Local\\Temp\\tmpnmlqa290':"
subprocess output: b'  Metadata:'
subprocess output: b'    TPE1            : Panda Dub'
subprocess output: b'    TALB            : The Lost Ship'
subprocess output: b'    TIT2            : Milky Way'
subprocess output: b'    TSSE            : Lavf58.45.100'
subprocess output: b'    Stream #0:0: Audio: mp3 (libmp3lame), 48000 Hz, stereo, s16p'
subprocess output: b'    Metadata:'
subprocess output: b'      encoder         : Lavc58.91.100 libmp3lame'
subprocess output: b'size=     256kB time=00:00:29.66 bitrate=  70.7kbits/s speed=59.3x'
subprocess output: b'size=     938kB time=00:01:00.00 bitrate= 128.1kbits/s speed=61.2x'
subprocess output: b'video:0kB audio:938kB subtitle:0kB other streams:0kB global headers:0kB muxing overhead: 0.031654%'
subprocess.call(['ffmpeg', '-y', '-f', 'wav', '-i', 'C:\\Users\\MALFEI~1\\AppData\\Local\\Temp\\tmp1257n7xn', '-metadata', 'artist=Panda Dub', '-metadata', 'album=The Lost Ship', '-metadata', 'title=uivgtygutviy', '-id3v2_version', '4', '-f', 'mp3', 'C:\\Users\\MALFEI~1\\AppData\\Local\\Temp\\tmpnyve0zsp'])
subprocess output: b'ffmpeg version 4.3.1-2020-11-08-full_build-www.gyan.dev Copyright (c) 2000-2020 the FFmpeg developers'
subprocess output: b'  built with gcc 10.2.0 (Rev3, Built by MSYS2 project)'
subprocess output: b'  configuration: --enable-gpl --enable-version3 --enable-static --disable-w32threads --disable-autodetect --enable-fontconfig --enable-iconv --enable-gnutls --enable-libxml2 --enable-gmp --enable-lzma --enable-libsnappy --enable-zlib --enable-libsrt --enable-libssh --enable-libzmq --enable-avisynth --enable-libbluray --enable-libcaca --enable-sdl2 --enable-libdav1d --enable-libzvbi --enable-librav1e --enable-libwebp --enable-libx264 --enable-libx265 --enable-libxvid --enable-libaom --enable-libopenjpeg --enable-libvpx --enable-libass --enable-frei0r --enable-libfreetype --enable-libfribidi --enable-libvidstab --enable-libvmaf --enable-libzimg --enable-amf --enable-cuda-llvm --enable-cuvid --enable-ffnvcodec --enable-nvdec --enable-nvenc --enable-d3d11va --enable-dxva2 --enable-libmfx --enable-libcdio --enable-libgme --enable-libmodplug --enable-libopenmpt --enable-libopencore-amrwb --enable-libmp3lame --enable-libshine --enable-libtheora --enable-libtwolame --enable-libvo-amrwbenc --enable-libilbc --enable-libgsm --enable-libopencore-amrnb --enable-libopus --enable-libspeex --enable-libvorbis --enable-ladspa --enable-libbs2b --enable-libflite --enable-libmysofa --enable-librubberband --enable-libsoxr --enable-chromaprint'
subprocess output: b'  libavutil      56. 51.100 / 56. 51.100'
subprocess output: b'  libavcodec     58. 91.100 / 58. 91.100'
subprocess output: b'  libavformat    58. 45.100 / 58. 45.100'
subprocess output: b'  libavdevice    58. 10.100 / 58. 10.100'
subprocess output: b'  libavfilter     7. 85.100 /  7. 85.100'
subprocess output: b'  libswscale      5.  7.100 /  5.  7.100'
subprocess output: b'  libswresample   3.  7.100 /  3.  7.100'
subprocess output: b'  libpostproc    55.  7.100 / 55.  7.100'
subprocess output: b'Guessed Channel Layout for Input Stream #0.0 : stereo'
subprocess output: b"Input #0, wav, from 'C:\\Users\\MALFEI~1\\AppData\\Local\\Temp\\tmp1257n7xn':"
subprocess output: b'  Duration: 00:01:00.00, bitrate: 1536 kb/s'
subprocess output: b'    Stream #0:0: Audio: pcm_s16le ([1][0][0][0] / 0x0001), 48000 Hz, stereo, s16, 1536 kb/s'
subprocess output: b'Stream mapping:'
subprocess output: b'  Stream #0:0 -> #0:0 (pcm_s16le (native) -> mp3 (libmp3lame))'
subprocess output: b'Press [q] to stop, [?] for help'
subprocess output: b"Output #0, mp3, to 'C:\\Users\\MALFEI~1\\AppData\\Local\\Temp\\tmpnyve0zsp':"
subprocess output: b'  Metadata:'
subprocess output: b'    TPE1            : Panda Dub'
subprocess output: b'    TALB            : The Lost Ship'
subprocess output: b'    TIT2            : uivgtygutviy'
subprocess output: b'    TSSE            : Lavf58.45.100'
subprocess output: b'    Stream #0:0: Audio: mp3 (libmp3lame), 48000 Hz, stereo, s16p'
subprocess output: b'    Metadata:'
subprocess output: b'      encoder         : Lavc58.91.100 libmp3lame'
subprocess output: b'size=     256kB time=00:00:32.71 bitrate=  64.1kbits/s speed=65.4x'
subprocess output: b'size=     938kB time=00:01:00.00 bitrate= 128.1kbits/s speed=65.5x'
subprocess output: b'video:0kB audio:938kB subtitle:0kB other streams:0kB global headers:0kB muxing overhead: 0.031966%'
subprocess.call(['ffmpeg', '-y', '-f', 'wav', '-i', 'C:\\Users\\MALFEI~1\\AppData\\Local\\Temp\\tmpb3szoqa3', '-metadata', 'artist=Panda Dub', '-metadata', 'album=The Lost Ship', '-metadata', 'title=vbuvtuiiu', '-id3v2_version', '4', '-f', 'mp3', 'C:\\Users\\MALFEI~1\\AppData\\Local\\Temp\\tmp84hvvx4a'])
subprocess output: b'ffmpeg version 4.3.1-2020-11-08-full_build-www.gyan.dev Copyright (c) 2000-2020 the FFmpeg developers'
subprocess output: b'  built with gcc 10.2.0 (Rev3, Built by MSYS2 project)'
subprocess output: b'  configuration: --enable-gpl --enable-version3 --enable-static --disable-w32threads --disable-autodetect --enable-fontconfig --enable-iconv --enable-gnutls --enable-libxml2 --enable-gmp --enable-lzma --enable-libsnappy --enable-zlib --enable-libsrt --enable-libssh --enable-libzmq --enable-avisynth --enable-libbluray --enable-libcaca --enable-sdl2 --enable-libdav1d --enable-libzvbi --enable-librav1e --enable-libwebp --enable-libx264 --enable-libx265 --enable-libxvid --enable-libaom --enable-libopenjpeg --enable-libvpx --enable-libass --enable-frei0r --enable-libfreetype --enable-libfribidi --enable-libvidstab --enable-libvmaf --enable-libzimg --enable-amf --enable-cuda-llvm --enable-cuvid --enable-ffnvcodec --enable-nvdec --enable-nvenc --enable-d3d11va --enable-dxva2 --enable-libmfx --enable-libcdio --enable-libgme --enable-libmodplug --enable-libopenmpt --enable-libopencore-amrwb --enable-libmp3lame --enable-libshine --enable-libtheora --enable-libtwolame --enable-libvo-amrwbenc --enable-libilbc --enable-libgsm --enable-libopencore-amrnb --enable-libopus --enable-libspeex --enable-libvorbis --enable-ladspa --enable-libbs2b --enable-libflite --enable-libmysofa --enable-librubberband --enable-libsoxr --enable-chromaprint'
subprocess output: b'  libavutil      56. 51.100 / 56. 51.100'
subprocess output: b'  libavcodec     58. 91.100 / 58. 91.100'
subprocess output: b'  libavformat    58. 45.100 / 58. 45.100'
subprocess output: b'  libavdevice    58. 10.100 / 58. 10.100'
subprocess output: b'  libavfilter     7. 85.100 /  7. 85.100'
subprocess output: b'  libswscale      5.  7.100 /  5.  7.100'
subprocess output: b'  libswresample   3.  7.100 /  3.  7.100'
subprocess output: b'  libpostproc    55.  7.100 / 55.  7.100'
subprocess output: b'Guessed Channel Layout for Input Stream #0.0 : stereo'
subprocess output: b"Input #0, wav, from 'C:\\Users\\MALFEI~1\\AppData\\Local\\Temp\\tmpb3szoqa3':"
subprocess output: b'  Duration: 00:05:49.00, bitrate: 1536 kb/s'
subprocess output: b'    Stream #0:0: Audio: pcm_s16le ([1][0][0][0] / 0x0001), 48000 Hz, stereo, s16, 1536 kb/s'
subprocess output: b'Stream mapping:'
subprocess output: b'  Stream #0:0 -> #0:0 (pcm_s16le (native) -> mp3 (libmp3lame))'
subprocess output: b'Press [q] to stop, [?] for help'
subprocess output: b"Output #0, mp3, to 'C:\\Users\\MALFEI~1\\AppData\\Local\\Temp\\tmp84hvvx4a':"
subprocess output: b'  Metadata:'
subprocess output: b'    TPE1            : Panda Dub'
subprocess output: b'    TALB            : The Lost Ship'
subprocess output: b'    TIT2            : vbuvtuiiu'
subprocess output: b'    TSSE            : Lavf58.45.100'
subprocess output: b'    Stream #0:0: Audio: mp3 (libmp3lame), 48000 Hz, stereo, s16p'
subprocess output: b'    Metadata:'
subprocess output: b'      encoder         : Lavc58.91.100 libmp3lame'
subprocess output: b'size=     256kB time=00:00:32.06 bitrate=  65.4kbits/s speed=64.1x'
subprocess output: b'size=    1024kB time=00:01:05.76 bitrate= 127.6kbits/s speed=65.7x'
subprocess output: b'size=    1536kB time=00:01:46.89 bitrate= 117.7kbits/s speed=71.3x'
subprocess output: b'size=    2048kB time=00:02:25.82 bitrate= 115.1kbits/s speed=72.9x'
subprocess output: b'size=    2816kB time=00:03:06.64 bitrate= 123.6kbits/s speed=74.6x'
subprocess output: b'size=    3328kB time=00:03:47.11 bitrate= 120.0kbits/s speed=75.7x'
subprocess output: b'size=    4096kB time=00:04:28.32 bitrate= 125.1kbits/s speed=76.6x'
subprocess output: b'size=    4608kB time=00:05:04.27 bitrate= 124.1kbits/s speed=  76x'
subprocess output: b'size=    5120kB time=00:05:36.24 bitrate= 124.7kbits/s speed=74.7x'
subprocess output: b'size=    5454kB time=00:05:49.00 bitrate= 128.0kbits/s speed=74.6x'
subprocess output: b'video:0kB audio:5454kB subtitle:0kB other streams:0kB global headers:0kB muxing overhead: 0.005444%'
